-------------------------------------------------------------------------------
Test set: org.sudoku.models.GrilleTest
-------------------------------------------------------------------------------
Tests run: 7, Failures: 0, Errors: 5, Skipped: 0, Time elapsed: 0.001 s <<< FAILURE! - in org.sudoku.models.GrilleTest
testGetValue(org.sudoku.models.GrilleTest)  Time elapsed: 0 s  <<< ERROR!
java.lang.NullPointerException: Cannot invoke "org.sudoku.models.ElementDeGrille.isInitialValue()" because the return value of "org.sudoku.models.GrilleImpl.getValue(int, int)" is null
	at org.sudoku.models.GrilleTest.testGetValue(GrilleTest.java:28)

testSetValueInvalidElement(org.sudoku.models.GrilleTest)  Time elapsed: 0 s  <<< ERROR!
java.lang.Exception: Unexpected exception, expected<org.sudoku.exceptions.ElementInterditException> but was<java.lang.Error>
	at org.sudoku.models.GrilleTest.testSetValueInvalidElement(GrilleTest.java:68)

testSetValueInvalidValue(org.sudoku.models.GrilleTest)  Time elapsed: 0 s  <<< ERROR!
java.lang.Exception: Unexpected exception, expected<org.sudoku.exceptions.ValeurImpossibleException> but was<java.lang.NullPointerException>
	at org.sudoku.models.GrilleTest.testSetValueInvalidValue(GrilleTest.java:60)

testSetValueInitialValueModification(org.sudoku.models.GrilleTest)  Time elapsed: 0 s  <<< ERROR!
java.lang.Exception: Unexpected exception, expected<org.sudoku.exceptions.ValeurInitialeModificationException> but was<java.lang.NullPointerException>
	at org.sudoku.models.GrilleTest.testSetValueInitialValueModification(GrilleTest.java:80)

testSetValue(org.sudoku.models.GrilleTest)  Time elapsed: 0 s  <<< ERROR!
java.lang.NullPointerException: Cannot invoke "org.sudoku.models.ElementDeGrille.isInitialValue()" because the return value of "org.sudoku.models.GrilleImpl.getValue(int, int)" is null
	at org.sudoku.models.GrilleTest.testSetValue(GrilleTest.java:41)

