<?xml version="1.0" encoding="UTF-8"?>
<testsuite xmlns:xsi="http://www.w3.org/2001/XMLSchema-instance" xsi:noNamespaceSchemaLocation="https://maven.apache.org/surefire/maven-surefire-plugin/xsd/surefire-test-report-3.0.xsd" version="3.0" name="org.sudoku.models.GrilleTest" time="0.001" tests="7" errors="5" skipped="0" failures="0">
  <properties>
[...]
</properties>
  <testcase name="testGetValue" classname="org.sudoku.models.GrilleTest" time="0">
    <error message="Cannot invoke &quot;org.sudoku.models.ElementDeGrille.isInitialValue()&quot; because the return value of &quot;org.sudoku.models.GrilleImpl.getValue(int, int)&quot; is null" type="java.lang.NullPointerException">java.lang.NullPointerException: Cannot invoke "org.sudoku.models.ElementDeGrille.isInitialValue()" because the return value of "org.sudoku.models.GrilleImpl.getValue(int, int)" is null
	at org.sudoku.models.GrilleTest.testGetValue(GrilleTest.java:28)
</error>
    <system-out><![CDATA[AAAAA
9
]]></system-out>
  </testcase>
  <testcase name="testSetValueOutOfBounds" classname="org.sudoku.models.GrilleTest" time="0"/>
  <testcase name="testSetValueInvalidElement" classname="org.sudoku.models.GrilleTest" time="0">
    <error message="Unexpected exception, expected&lt;org.sudoku.exceptions.ElementInterditException&gt; but was&lt;java.lang.Error&gt;" type="java.lang.Exception"><![CDATA[java.lang.Exception: Unexpected exception, expected<org.sudoku.exceptions.ElementInterditException> but was<java.lang.Error>
	at org.sudoku.models.GrilleTest.testSetValueInvalidElement(GrilleTest.java:68)
]]></error>
  </testcase>
  <testcase name="testSetValueInvalidValue" classname="org.sudoku.models.GrilleTest" time="0">
    <error message="Unexpected exception, expected&lt;org.sudoku.exceptions.ValeurImpossibleException&gt; but was&lt;java.lang.NullPointerException&gt;" type="java.lang.Exception"><![CDATA[java.lang.Exception: Unexpected exception, expected<org.sudoku.exceptions.ValeurImpossibleException> but was<java.lang.NullPointerException>
	at org.sudoku.models.GrilleTest.testSetValueInvalidValue(GrilleTest.java:60)
]]></error>
  </testcase>
  <testcase name="testGetSize" classname="org.sudoku.models.GrilleTest" time="0"/>
  <testcase name="testSetValueInitialValueModification" classname="org.sudoku.models.GrilleTest" time="0">
    <error message="Unexpected exception, expected&lt;org.sudoku.exceptions.ValeurInitialeModificationException&gt; but was&lt;java.lang.NullPointerException&gt;" type="java.lang.Exception"><![CDATA[java.lang.Exception: Unexpected exception, expected<org.sudoku.exceptions.ValeurInitialeModificationException> but was<java.lang.NullPointerException>
	at org.sudoku.models.GrilleTest.testSetValueInitialValueModification(GrilleTest.java:80)
]]></error>
  </testcase>
  <testcase name="testSetValue" classname="org.sudoku.models.GrilleTest" time="0">
    <error message="Cannot invoke &quot;org.sudoku.models.ElementDeGrille.isInitialValue()&quot; because the return value of &quot;org.sudoku.models.GrilleImpl.getValue(int, int)&quot; is null" type="java.lang.NullPointerException">java.lang.NullPointerException: Cannot invoke "org.sudoku.models.ElementDeGrille.isInitialValue()" because the return value of "org.sudoku.models.GrilleImpl.getValue(int, int)" is null
	at org.sudoku.models.GrilleTest.testSetValue(GrilleTest.java:41)
</error>
  </testcase>
</testsuite>